0.378498
0.376061
0.378312
0.378686
0.378456
0.378155
0.372217
0.378746
0.362764
0.378650
0.369571
0.357095
0.378562
0.378820
0.356830
0.378699
0.349397
0.377884
0.378848
0.376955
0.356528
0.378489
0.378585
0.378549
0.378405
0.378780
0.345344
0.378862
0.378728
0.375118
0.378437
0.363896
0.375633
0.374516
0.373194
0.371636
0.375695
0.375644
0.375665
0.375634
0.375584
0.375633
0.375548
0.372209
0.375565
0.375556
0.375553
0.375530
0.357611
0.375623
0.375554
0.375654
0.375088
0.375517
0.366514
0.375168
0.371268
0.375575
0.375634
0.375520
0.367080
0.375505
0.375577
0.375593
0.363662
0.374776
0.372824
0.371652
0.371743
0.373571
0.373704
0.373296
0.374590
0.372973
0.374489
0.374673
0.371397
0.374567
0.374699
0.374722
0.374666
0.374726
0.374703
0.373978
0.373170
0.374718
0.368398
0.370729
0.373665
0.372706
0.372752
0.369663
0.374050
0.368404
0.365062
0.372780
0.372448
0.373596
0.371252
0.373329
0.372218
0.371356
0.366812
0.370410
0.369222
0.371770
0.372583
0.372657
0.372687
0.372445
0.369660
0.370372
0.372840
0.371750
0.372640
0.369603
0.373587
0.369679
0.371745
0.372067
0.372175
0.371379
0.371714
0.372693
0.371708
0.370316
0.372847
0.369834
0.372910
0.371724
0.372176
0.372971
0.372192
0.372205
0.372971
0.371474
0.372836
0.369216
0.370869
0.368372
0.371898
0.372365
0.370714
0.371908
0.371783
0.371697
0.371241
0.371985
0.371852
0.371758
0.372477
0.372106
0.371343
0.372567
0.371308
0.373624
0.370397
0.372251
0.372152
0.372890
0.371430
0.371169
0.371981
0.372215
0.372623
0.371932
0.370647
0.370493
0.370328
0.370601
0.370979
0.370756
0.370808
0.370622
0.370788
0.371901
0.370885
0.371082
0.371746
0.372094
0.372844
0.372196
0.372534
0.372637
0.372376
0.370440
0.372184
0.372424
0.372158
0.372267
0.372003
