0.376378
3.237395
3.284087
3.320906
3.330980
3.318909
3.349548
3.350779
3.361629
3.339893
3.340425
3.350618
3.362168
3.299951
3.358883
3.318699
3.358668
3.292801
3.348906
3.324380
3.334211
3.297720
3.342075
3.311310
3.354584
3.294301
3.338776
3.293421
3.332992
3.270463
3.318383
3.271127
3.327598
3.240559
6.621156
6.637082
6.685375
6.654562
6.618022
6.663019
6.715937
6.584310
6.703646
6.652610
6.697010
6.598760
6.646864
6.677339
6.731404
6.632202
6.580952
6.645863
6.728218
6.541641
6.711477
6.601045
6.684363
6.569356
6.676277
6.570643
6.650078
6.538225
6.637607
6.536595
6.643021
4.315333
6.633539
13.171100
13.326621
13.130024
13.307383
13.011797
13.280363
13.051172
13.190569
12.878753
13.053609
13.048583
13.218577
13.024272
13.216182
12.918420
13.110017
12.906494
13.042649
12.833437
12.971706
12.724086
12.886815
13.098860
13.305747
13.118525
13.286253
13.043714
13.232913
13.046097
13.265243
5.601881
11.483000
11.562773
22.384532
21.626494
22.296815
21.783050
22.107769
21.576997
22.074573
21.437412
21.744009
21.765932
22.163797
21.483709
21.879800
21.448598
21.520693
21.863227
22.374930
21.848538
22.251817
21.664611
22.058367
21.393629
21.825104
21.213440
21.591369
21.152307
21.304744
20.875069
21.115406
5.135125
8.795072
13.130782
13.232704
24.011186
24.449945
24.015568
24.949017
23.951455
24.410635
24.079766
24.626790
23.932749
24.293681
24.125907
24.730794
23.813894
24.255704
23.704459
23.902105
24.047711
25.102957
24.308729
24.858818
24.232844
24.691394
24.002641
24.399319
23.672267
24.115287
23.285478
23.814697
5.543742
11.320163
15.118489
22.213888
21.553701
21.985394
21.145735
36.933169
33.747523
35.628907
32.511284
35.618780
32.629046
36.079053
33.215096
34.275590
35.121031
36.131445
33.639065
34.596332
32.411893
33.188920
35.519332
36.471303
34.645847
35.220853
33.287803
34.129621
32.122252
32.159296
31.117111
31.203284
5.077454
10.387065
13.119006
17.409383
24.110424
25.033895
23.623456
24.194774
22.674192
37.898152
35.250464
36.597940
35.668101
36.772106
35.337984
37.888711
33.985539
12.589550
37.202227
38.214037
35.518306
36.450467
34.340024
33.719637
37.927496
14.687465
16.171843
28.528329
35.463147
5.643074
8.651185
12.332952
