-DEPS=1e-2
dmv_main.exec
0.557193
0.064779
0.063858
0.063150
0.062959
0.063188
0.062610
0.062587
0.062385
0.062791
0.062781
0.062590
0.062375
0.063551
0.062436
0.063192
0.062440
0.063689
0.062622
0.063084
0.062898
0.063594
0.062750
0.063333
0.062516
0.063660
0.062812
0.063677
0.062921
0.064124
0.063198
0.064111
0.063023
0.258863
0.126694
0.126390
0.125477
0.126058
0.126754
0.125898
0.124906
0.127403
0.125135
0.126095
0.125259
0.127124
0.126204
0.125628
0.124619
0.126483
0.127468
0.126223
0.124678
0.128234
0.124989
0.127080
0.125496
0.127693
0.125648
0.127668
0.126143
0.128301
0.126380
0.128333
0.126277
0.777563
0.505830
0.254758
0.251785
0.255555
0.252149
0.257877
0.252662
0.257099
0.254382
0.260541
0.257051
0.257150
0.253843
0.257630
0.253889
0.259741
0.255945
0.259981
0.257267
0.261461
0.258674
0.263708
0.260378
0.256163
0.252180
0.255779
0.252550
0.257246
0.253568
0.257199
0.252950
1.834392
0.894892
0.888718
0.459069
0.475160
0.460875
0.471745
0.464816
0.476250
0.465515
0.479351
0.472592
0.472116
0.463641
0.478318
0.469659
0.479101
0.477496
0.470015
0.459266
0.470331
0.461807
0.474324
0.465857
0.480332
0.470836
0.484412
0.475933
0.485812
0.482336
0.492264
0.486661
2.613719
1.526056
1.022161
1.014288
0.558980
0.548949
0.558878
0.537968
0.560374
0.549833
0.557388
0.545007
0.560812
0.552480
0.556322
0.542715
0.563611
0.553345
0.566213
0.561531
0.558131
0.534669
0.552138
0.539920
0.553867
0.543581
0.559179
0.550088
0.566983
0.556567
0.576401
0.563592
7.414519
3.631059
2.718802
1.850382
1.907059
1.869613
1.943852
1.112934
1.217991
1.153675
1.264305
1.154003
1.259742
1.139281
1.237515
1.199226
1.170358
1.137629
1.221918
1.188108
1.268182
1.238491
1.157234
1.127028
1.186410
1.167041
1.234812
1.204355
1.279617
1.278143
1.320951
1.317303
10.573625
5.168649
4.092314
3.083802
2.226717
2.144576
2.272618
2.218954
2.367762
1.416615
1.523018
1.466943
1.505185
1.459995
1.519246
1.416968
1.579704
4.264417
1.443115
1.404905
1.511533
1.472878
1.563397
1.592161
1.415519
3.655300
3.319788
1.881887
1.513884
9.513803
6.205750
4.353142
