3.924972
3.927545
3.621149
3.619086
3.912816
3.529371
3.925487
3.547700
3.928281
3.926148
3.898777
3.926589
3.545541
3.918006
3.559925
3.371302
3.923651
3.813073
3.619711
3.929458
3.599519
3.783629
3.913984
3.563494
3.565615
3.835809
3.922990
3.833495
3.810786
3.573696
3.926148
3.415724
3.866217
3.973666
3.976190
3.970995
3.821028
3.971089
3.238895
3.941774
3.963715
3.942589
3.941719
3.973666
3.803685
3.845234
3.929643
3.623636
3.883273
3.844828
3.854935
3.974532
3.975568
3.967089
3.941570
3.978529
3.674846
3.714666
3.819184
3.977321
3.817463
3.888818
3.939294
3.877189
3.899067
3.909871
3.919050
3.936669
3.904711
3.979081
3.922018
3.889084
3.925349
3.982122
3.970013
3.909570
3.962727
3.947678
3.981441
3.981725
3.903948
3.981351
3.911238
3.980874
3.980081
3.970530
3.935524
3.945009
3.846045
3.867237
3.982013
3.969337
3.981772
3.932765
3.966672
3.972960
3.878228
3.967787
3.930007
3.971635
3.853411
3.960091
3.856370
3.968446
3.942703
3.945883
3.984898
3.985109
3.943328
3.947764
3.979158
3.975250
3.946931
3.967560
3.950647
3.973846
3.947479
3.980103
3.981016
3.931395
3.966112
3.945130
3.983398
3.958432
3.955754
3.983582
3.965965
3.942156
3.974431
3.969238
3.966245
3.637142
3.973656
3.924290
3.949741
3.954516
3.863783
3.958810
3.963096
3.968240
3.952946
3.923208
3.937061
3.952235
3.963832
3.951271
3.833322
3.924276
3.945295
3.937942
3.918234
3.926869
3.973389
3.923356
3.939894
3.946968
3.839057
3.945489
3.976944
3.951959
3.971773
3.963375
3.964078
3.954471
3.933580
3.965638
3.974385
3.971438
3.914775
3.977549
3.923466
3.965539
3.981918
3.963869
3.914896
3.974558
3.966166
3.963289
3.859227
3.978511
3.832268
3.907166
3.943652
3.965891
3.968428
3.911159
3.975876
3.964296
3.981193
3.973935
3.892359
