0.378498
5.166290
3.041908
3.042614
3.106018
3.422469
2.378802
2.536744
2.998201
2.965891
2.960490
2.861678
2.865823
2.588278
2.316143
2.211906
2.053093
1.901196
1.717316
1.653905
1.571536
1.464952
1.360550
1.326908
1.261285
1.198304
1.112914
1.064577
1.010106
0.968085
0.916191
0.878565
0.833215
4.774311
5.911217
5.217088
4.762115
4.282065
3.423237
3.962105
3.623651
3.340159
2.952103
2.697119
2.422052
2.237022
1.959287
2.486729
3.626879
3.393848
3.172336
3.071355
2.955963
2.807169
2.624507
2.508570
2.357602
2.235740
2.124812
2.057852
1.965346
1.881010
1.800923
1.727953
1.656364
6.440563
4.778867
5.420433
5.386281
4.493540
4.500888
3.828369
4.309098
3.865575
3.414497
3.034121
2.759808
3.927357
3.709955
3.417411
3.145854
2.989147
2.786832
2.643091
2.477250
2.332725
2.214989
2.099193
2.442344
4.112340
3.876230
3.748169
3.534080
3.472074
3.404392
3.328274
3.192170
8.150461
6.070475
5.338862
4.435601
4.481129
4.047752
4.398988
3.818661
4.238539
3.857037
3.535893
3.189336
3.952606
3.687515
3.463638
3.216215
3.016460
2.911269
4.058835
3.907837
3.747471
3.519791
3.367972
3.198538
3.069904
2.891599
2.791938
2.636182
2.582552
2.461645
2.401209
2.297131
6.485233
5.600199
5.679195
4.508565
4.303874
3.791919
4.060698
4.006220
3.813867
3.295488
3.915159
3.565882
3.291574
3.935321
3.773276
3.601577
3.384140
3.122622
3.006841
4.226396
4.101120
3.903015
3.841655
3.657658
3.525810
3.350751
3.217597
3.046136
2.926797
2.776022
2.679566
2.545938
8.500993
5.939395
5.659025
4.372222
4.099833
3.283984
3.126750
2.875754
2.687243
2.740671
2.929850
2.698599
2.926292
2.789903
2.651287
2.565713
2.912143
2.753196
2.654983
2.496770
2.512869
2.812433
2.855133
2.790063
2.720520
2.556326
2.468397
2.350931
2.254357
2.119131
2.091723
